<?xml version="1.0" encoding="UTF-8" ?>
<testsuite tests="5" failures="1" name="tests.GoogleTest" time="2.74" errors="0" skipped="3">
  <properties>
[...]
</properties>
  <testcase classname="tests.GoogleTest" name="endReport" time="1.366"/>
  <testcase classname="tests.GoogleTest" name="getResult" time="1.366">
    <failure type="java.lang.NullPointerException">java.lang.NullPointerException
	at tests.GoogleTest.getResult(GoogleTest.java:101)
</failure>
  </testcase>
  <testcase classname="tests.GoogleTest" name="test1" time="0">
    <skipped/>
  </testcase>
  <testcase classname="tests.GoogleTest" name="getResult" time="0.001">
    <skipped/>
  </testcase>
  <testcase classname="tests.GoogleTest" name="endReport" time="0.007">
    <skipped/>
  </testcase>
</testsuite>