<?xml version="1.0" encoding="UTF-8"?>
<!-- Generated by org.testng.reporters.JUnitXMLReporter -->
<testsuite ignored="0" hostname="LAPTOP-Q8T1KS2C" failures="0" tests="2" name="Command line test" time="24.704" errors="0" timestamp="2023-03-21T16:28:05 IST">
  <testcase classname="tests.GoogleTest" name="@AfterMethod getResult" time="0.0">
    <failure type="java.lang.NullPointerException">
      <![CDATA[java.lang.NullPointerException
at tests.GoogleTest.getResult(GoogleTest.java:101)
at java.base/java.util.ArrayList.forEach(ArrayList.java:1541)
... Removed 41 stack frames]]>
    </failure>
  </testcase> <!-- @AfterMethod getResult -->
  <testcase classname="tests.GoogleTest" name="@AfterMethod getResult" time="0.0">
    <skipped/>
  </testcase> <!-- @AfterMethod getResult -->
  <testcase classname="tests.GoogleTest" name="@AfterTest endReport" time="0.0">
    <skipped/>
  </testcase> <!-- @AfterTest endReport -->
  <testcase classname="tests.GoogleTest" name="endReport" time="1.364"/>
  <testcase classname="tests.GoogleTest" name="test1" time="0.0">
    <skipped/>
  </testcase> <!-- test1 -->
</testsuite> <!-- Command line test -->
